<?xml version="1.0" encoding="UTF-8"?>
<testsuite xmlns:xsi="http://www.w3.org/2001/XMLSchema-instance" xsi:noNamespaceSchemaLocation="https://maven.apache.org/surefire/maven-surefire-plugin/xsd/surefire-test-report-3.0.xsd" version="3.0" name="com.bookstore.BookstoreApplicationTests" time="6.067" tests="1" errors="0" skipped="0" failures="0">
  <properties>
[...]
</properties>
  <testcase name="contextLoads" classname="com.bookstore.BookstoreApplicationTests" time="0.686">
    <system-out><![CDATA[15:06:51.758 [main] INFO org.springframework.test.context.support.AnnotationConfigContextLoaderUtils -- Could not detect default configuration classes for test class [com.bookstore.BookstoreApplicationTests]: BookstoreApplicationTests does not declare any static, non-private, non-final, nested classes annotated with @Configuration.
15:06:51.891 [main] INFO org.springframework.boot.test.context.SpringBootTestContextBootstrapper -- Found @SpringBootConfiguration com.bookstore.BookstoreApplication for test class com.bookstore.BookstoreApplicationTests

  .   ____          _            __ _ _
 /\\ / ___'_ __ _ _(_)_ __  __ _ \ \ \ \
( ( )\___ | '_ | '_| | '_ \/ _` | \ \ \ \
 \\/  ___)| |_)| | | | | || (_| |  ) ) ) )
  '  |____| .__|_| |_|_| |_\__, | / / / /
 =========|_|==============|___/=/_/_/_/
 :: Spring Boot ::                (v3.1.5)

2024-01-21T15:06:52.294+02:00  INFO 3320 --- [           main] c.bookstore.BookstoreApplicationTests    : Starting BookstoreApplicationTests using Java 19.0.2 with PID 3320 (started by osx in /Users/osx/Bookstore)
2024-01-21T15:06:52.296+02:00  INFO 3320 --- [           main] c.bookstore.BookstoreApplicationTests    : The following 1 profile is active: "@spring.profiles.active@"
2024-01-21T15:06:52.995+02:00  INFO 3320 --- [           main] .s.d.r.c.RepositoryConfigurationDelegate : Bootstrapping Spring Data JPA repositories in DEFAULT mode.
2024-01-21T15:06:53.068+02:00  INFO 3320 --- [           main] .s.d.r.c.RepositoryConfigurationDelegate : Finished Spring Data repository scanning in 63 ms. Found 3 JPA repository interfaces.
2024-01-21T15:06:53.590+02:00  INFO 3320 --- [           main] o.hibernate.jpa.internal.util.LogHelper  : HHH000204: Processing PersistenceUnitInfo [name: default]
2024-01-21T15:06:53.663+02:00  INFO 3320 --- [           main] org.hibernate.Version                    : HHH000412: Hibernate ORM core version 6.2.13.Final
2024-01-21T15:06:53.665+02:00  INFO 3320 --- [           main] org.hibernate.cfg.Environment            : HHH000406: Using bytecode reflection optimizer
2024-01-21T15:06:54.065+02:00  INFO 3320 --- [           main] o.s.o.j.p.SpringPersistenceUnitInfo      : No LoadTimeWeaver setup: ignoring JPA class transformer
2024-01-21T15:06:54.088+02:00  INFO 3320 --- [           main] com.zaxxer.hikari.HikariDataSource       : HikariPool-1 - Starting...
2024-01-21T15:06:54.347+02:00  INFO 3320 --- [           main] com.zaxxer.hikari.pool.HikariPool        : HikariPool-1 - Added connection org.postgresql.jdbc.PgConnection@56cfe6be
2024-01-21T15:06:54.349+02:00  INFO 3320 --- [           main] com.zaxxer.hikari.HikariDataSource       : HikariPool-1 - Start completed.
2024-01-21T15:06:55.362+02:00  INFO 3320 --- [           main] o.h.e.t.j.p.i.JtaPlatformInitiator       : HHH000489: No JTA platform available (set 'hibernate.transaction.jta.platform' to enable JTA platform integration)
Hibernate: 
    alter table if exists books 
       drop constraint if exists FKfjixh2vym2cvfj3ufxj91jem7
Hibernate: 
    drop table if exists authors cascade
Hibernate: 
    drop table if exists books cascade
Hibernate: 
    drop table if exists customers cascade
Hibernate: 
    drop sequence if exists books_seq
Hibernate: 
    drop sequence if exists customers_seq
Hibernate: 
    create sequence books_seq start with 1 increment by 50
Hibernate: 
    create sequence customers_seq start with 1 increment by 50
Hibernate: 
    create table authors (
        birthdate date not null,
        author_id bigserial not null,
        name varchar(255) not null,
        primary key (author_id)
    )
Hibernate: 
    create table books (
        price float4 not null check (price>=0),
        author_id bigint,
        book_id bigint not null,
        publish_date timestamp(6) not null,
        title varchar(255) not null,
        primary key (book_id)
    )
Hibernate: 
    create table customers (
        join_date date not null,
        customer_id bigint not null,
        email varchar(255) not null,
        name varchar(255) not null,
        primary key (customer_id)
    )
Hibernate: 
    alter table if exists books 
       add constraint FKfjixh2vym2cvfj3ufxj91jem7 
       foreign key (author_id) 
       references authors
2024-01-21T15:06:55.416+02:00  INFO 3320 --- [           main] j.LocalContainerEntityManagerFactoryBean : Initialized JPA EntityManagerFactory for persistence unit 'default'
2024-01-21T15:06:55.734+02:00  INFO 3320 --- [           main] o.s.d.j.r.query.QueryEnhancerFactory     : Hibernate is in classpath; If applicable, HQL parser will be used.
2024-01-21T15:06:56.523+02:00  WARN 3320 --- [           main] JpaBaseConfiguration$JpaWebConfiguration : spring.jpa.open-in-view is enabled by default. Therefore, database queries may be performed during view rendering. Explicitly configure spring.jpa.open-in-view to disable this warning
2024-01-21T15:06:56.916+02:00  INFO 3320 --- [           main] c.bookstore.BookstoreApplicationTests    : Started BookstoreApplicationTests in 4.868 seconds (process running for 5.859)
]]></system-out>
  </testcase>
</testsuite>